[    0.000000] Linux version 4.15.0-124-generic (buildd@lgw01-amd64-029) (gcc version 7.5.0 (Ubuntu 7.5.0-3ubuntu1~18.04)) #127-Ubuntu SMP Fri Nov 6 10:54:43 UTC 2020 (Ubuntu 4.15.0-124.127-generic 4.15.18)
[    0.000000] Command line: BOOT_IMAGE=/boot/vmlinuz-4.15.0-124-generic root=LABEL=cloudimg-rootfs ro console=tty1 console=ttyS0
[    0.000000] KERNEL supported cpus:
[    0.000000]   Intel GenuineIntel
[    0.000000]   AMD AuthenticAMD
[    0.000000]   Centaur CentaurHauls
[    0.000000] [Firmware Bug]: TSC doesn't count with P0 frequency!
[    0.000000] random: get_random_u32 called from bsp_init_amd+0x207/0x2c0 with crng_init=0
[    0.000000] x86/fpu: x87 FPU will use FXSAVE
[    0.000000] e820: BIOS-provided physical RAM map:
[    0.000000] BIOS-e820: [mem 0x0000000000000000-0x000000000009fbff] usable
[    0.000000] BIOS-e820: [mem 0x000000000009fc00-0x000000000009ffff] reserved
[    0.000000] BIOS-e820: [mem 0x00000000000f0000-0x00000000000fffff] reserved
[    0.000000] BIOS-e820: [mem 0x0000000000100000-0x000000003ffeffff] usable
[    0.000000] BIOS-e820: [mem 0x000000003fff0000-0x000000003fffffff] ACPI data
[    0.000000] BIOS-e820: [mem 0x00000000fec00000-0x00000000fec00fff] reserved
[    0.000000] BIOS-e820: [mem 0x00000000fee00000-0x00000000fee00fff] reserved
[    0.000000] BIOS-e820: [mem 0x00000000fffc0000-0x00000000ffffffff] reserved
[    0.000000] NX (Execute Disable) protection: active
[    0.000000] SMBIOS 2.5 present.
[    0.000000] DMI: innotek GmbH VirtualBox/VirtualBox, BIOS VirtualBox 12/01/2006
[    0.000000] Hypervisor detected: KVM
[    0.000000] e820: last_pfn = 0x3fff0 max_arch_pfn = 0x400000000
[    0.000000] MTRR: Disabled
[    0.000000] x86/PAT: MTRRs disabled, skipping PAT initialization too.
[    0.000000] CPU MTRRs all blank - virtualized system.
[    0.000000] x86/PAT: Configuration [0-7]: WB  WT  UC- UC  WB  WT  UC- UC  
[    0.000000] found SMP MP-table at [mem 0x0009fff0-0x0009ffff]
[    0.000000] Scanning 1 areas for low memory corruption
[    0.000000] RAMDISK: [mem 0x35a67000-0x36d2afff]
[    0.000000] ACPI: Early table checksum verification disabled
[    0.000000] ACPI: RSDP 0x00000000000E0000 000024 (v02 VBOX  )
[    0.000000] ACPI: XSDT 0x000000003FFF0030 00003C (v01 VBOX   VBOXXSDT 00000001 ASL  00000061)
[    0.000000] ACPI: FACP 0x000000003FFF00F0 0000F4 (v04 VBOX   VBOXFACP 00000001 ASL  00000061)
[    0.000000] ACPI: DSDT 0x000000003FFF0470 002325 (v02 VBOX   VBOXBIOS 00000002 INTL 20100528)
[    0.000000] ACPI: FACS 0x000000003FFF0200 000040
[    0.000000] ACPI: FACS 0x000000003FFF0200 000040
[    0.000000] ACPI: APIC 0x000000003FFF0240 00005C (v02 VBOX   VBOXAPIC 00000001 ASL  00000061)
[    0.000000] ACPI: SSDT 0x000000003FFF02A0 0001CC (v01 VBOX   VBOXCPUT 00000002 INTL 20100528)
[    0.000000] No NUMA configuration found
[    0.000000] Faking a node at [mem 0x0000000000000000-0x000000003ffeffff]
[    0.000000] NODE_DATA(0) allocated [mem 0x3ffc5000-0x3ffeffff]
[    0.000000] kvm-clock: cpu 0, msr 0:3ff44001, primary cpu clock
[    0.000000] kvm-clock: Using msrs 4b564d01 and 4b564d00
[    0.000000] kvm-clock: using sched offset of 5612211964 cycles
[    0.000000] clocksource: kvm-clock: mask: 0xffffffffffffffff max_cycles: 0x1cd42e4dffb, max_idle_ns: 881590591483 ns
[    0.000000] Zone ranges:
[    0.000000]   DMA      [mem 0x0000000000001000-0x0000000000ffffff]
[    0.000000]   DMA32    [mem 0x0000000001000000-0x000000003ffeffff]
[    0.000000]   Normal   empty
[    0.000000]   Device   empty
[    0.000000] Movable zone start for each node
[    0.000000] Early memory node ranges
[    0.000000]   node   0: [mem 0x0000000000001000-0x000000000009efff]
[    0.000000]   node   0: [mem 0x0000000000100000-0x000000003ffeffff]
[    0.000000] Reserved but unavailable: 98 pages
[    0.000000] Initmem setup node 0 [mem 0x0000000000001000-0x000000003ffeffff]
[    0.000000] ACPI: PM-Timer IO Port: 0x4008
[    0.000000] IOAPIC[0]: apic_id 2, version 32, address 0xfec00000, GSI 0-23
[    0.000000] ACPI: INT_SRC_OVR (bus 0 bus_irq 0 global_irq 2 dfl dfl)
[    0.000000] ACPI: INT_SRC_OVR (bus 0 bus_irq 9 global_irq 9 low level)
[    0.000000] Using ACPI (MADT) for SMP configuration information
[    0.000000] smpboot: Allowing 2 CPUs, 0 hotplug CPUs
[    0.000000] PM: Registered nosave memory: [mem 0x00000000-0x00000fff]
[    0.000000] PM: Registered nosave memory: [mem 0x0009f000-0x0009ffff]
[    0.000000] PM: Registered nosave memory: [mem 0x000a0000-0x000effff]
[    0.000000] PM: Registered nosave memory: [mem 0x000f0000-0x000fffff]
[    0.000000] e820: [mem 0x40000000-0xfebfffff] available for PCI devices
[    0.000000] Booting paravirtualized kernel on KVM
[    0.000000] clocksource: refined-jiffies: mask: 0xffffffff max_cycles: 0xffffffff, max_idle_ns: 7645519600211568 ns
[    0.000000] setup_percpu: NR_CPUS:8192 nr_cpumask_bits:2 nr_cpu_ids:2 nr_node_ids:1
[    0.000000] percpu: Embedded 45 pages/cpu s147456 r8192 d28672 u1048576
[    0.000000] PV qspinlock hash table entries: 256 (order: 0, 4096 bytes)
[    0.000000] Built 1 zonelists, mobility grouping on.  Total pages: 257913
[    0.000000] Policy zone: DMA32
[    0.000000] Kernel command line: BOOT_IMAGE=/boot/vmlinuz-4.15.0-124-generic root=LABEL=cloudimg-rootfs ro console=tty1 console=ttyS0
[    0.000000] Memory: 983032K/1048120K available (12300K kernel code, 2482K rwdata, 4272K rodata, 2436K init, 2724K bss, 65088K reserved, 0K cma-reserved)
[    0.000000] SLUB: HWalign=64, Order=0-3, MinObjects=0, CPUs=2, Nodes=1
[    0.000000] ftrace: allocating 39402 entries in 154 pages
[    0.004000] Hierarchical RCU implementation.
[    0.004000] 	RCU restricting CPUs from NR_CPUS=8192 to nr_cpu_ids=2.
[    0.004000] 	Tasks RCU enabled.
[    0.004000] RCU: Adjusting geometry for rcu_fanout_leaf=16, nr_cpu_ids=2
[    0.004000] NR_IRQS: 524544, nr_irqs: 440, preallocated irqs: 16
[    0.004000] Console: colour VGA+ 80x25
[    0.004000] console [tty1] enabled
[    0.004000] console [ttyS0] enabled
[    0.004000] ACPI: Core revision 20170831
[    0.004000] ACPI: 2 ACPI AML tables successfully acquired and loaded
[    0.004000] APIC: Switch to symmetric I/O mode setup
[    0.004000] ..TIMER: vector=0x30 apic1=0 pin1=2 apic2=-1 pin2=-1
[    0.004011] tsc: Detected 3691.418 MHz processor
[    0.008020] Calibrating delay loop (skipped) preset value.. 7382.83 BogoMIPS (lpj=14765672)
[    0.012014] pid_max: default: 32768 minimum: 301
[    0.016124] Security Framework initialized
[    0.020013] Yama: becoming mindful.
[    0.022811] AppArmor: AppArmor initialized
[    0.030719] Dentry cache hash table entries: 131072 (order: 8, 1048576 bytes)
[    0.034375] Inode-cache hash table entries: 65536 (order: 7, 524288 bytes)
[    0.036255] Mount-cache hash table entries: 2048 (order: 2, 16384 bytes)
[    0.040098] Mountpoint-cache hash table entries: 2048 (order: 2, 16384 bytes)
[    0.048669] Last level iTLB entries: 4KB 512, 2MB 1024, 4MB 512
[    0.052011] Last level dTLB entries: 4KB 1024, 2MB 1024, 4MB 512, 1GB 0
[    0.056015] Spectre V1 : Mitigation: usercopy/swapgs barriers and __user pointer sanitization
[    0.060019] Spectre V2 : Spectre mitigation: LFENCE not serializing, switching to generic retpoline
[    0.064010] Spectre V2 : Mitigation: Full generic retpoline
[    0.068011] Spectre V2 : Spectre v2 / SpectreRSB mitigation: Filling RSB on context switch
[    0.072012] Speculative Store Bypass: Mitigation: Speculative Store Bypass disabled via prctl and seccomp
[    0.076231] Freeing SMP alternatives memory: 36K
[    0.201364] APIC calibration not consistent with PM-Timer: 102ms instead of 100ms
[    0.204000] APIC delta adjusted to PM-Timer: 6279363 (6417247)
[    0.204795] smpboot: CPU0: AMD Athlon(tm) X4 860K Quad Core Processor (family: 0x15, model: 0x30, stepping: 0x1)
[    0.208456] Performance Events: PMU not available due to virtualization, using software events only.
[    0.212435] Hierarchical SRCU implementation.
[    0.217150] NMI watchdog: Perf event create on CPU 0 failed with -2
[    0.220014] NMI watchdog: Perf NMI watchdog permanently disabled
[    0.224451] smp: Bringing up secondary CPUs ...
[    0.228947] x86: Booting SMP configuration:
[    0.232013] .... node  #0, CPUs:      #1
[    0.004000] kvm-clock: cpu 1, msr 0:3ff44041, secondary cpu clock
[    0.240000] TSC synchronization [CPU#0 -> CPU#1]:
[    0.240000] Measured 158749 cycles TSC warp between CPUs, turning off TSC clock.
[    0.240000] tsc: Marking TSC unstable due to check_tsc_sync_source failed
[    0.240400] smp: Brought up 1 node, 2 CPUs
[    0.244019] smpboot: Max logical packages: 1
[    0.248020] smpboot: Total of 2 processors activated (14765.67 BogoMIPS)
[    0.256008] devtmpfs: initialized
[    0.260451] x86/mm: Memory block size: 128MB
[    0.268632] evm: security.selinux
[    0.272011] evm: security.SMACK64
[    0.274304] evm: security.SMACK64EXEC
[    0.280011] evm: security.SMACK64TRANSMUTE
[    0.284010] evm: security.SMACK64MMAP
[    0.288005] evm: security.apparmor
[    0.292003] evm: security.ima
[    0.293824] evm: security.capability
[    0.300308] clocksource: jiffies: mask: 0xffffffff max_cycles: 0xffffffff, max_idle_ns: 7645041785100000 ns
[    0.308128] futex hash table entries: 512 (order: 3, 32768 bytes)
[    0.312571] pinctrl core: initialized pinctrl subsystem
[    0.321446] RTC time: 12:06:06, date: 11/26/20
[    0.329108] NET: Registered protocol family 16
[    0.332164] audit: initializing netlink subsys (disabled)
[    0.336260] audit: type=2000 audit(1606392372.757:1): state=initialized audit_enabled=0 res=1
[    0.344121] cpuidle: using governor ladder
[    0.348226] cpuidle: using governor menu
[    0.356284] ACPI: bus type PCI registered
[    0.360014] acpiphp: ACPI Hot Plug PCI Controller Driver version: 0.5
[    0.364165] PCI: Using configuration type 1 for base access
[    0.368014] PCI: Using configuration type 1 for extended access
[    0.376306] HugeTLB registered 2.00 MiB page size, pre-allocated 0 pages
[    0.384130] ACPI: Added _OSI(Module Device)
[    0.388095] ACPI: Added _OSI(Processor Device)
[    0.390710] ACPI: Added _OSI(3.0 _SCP Extensions)
[    0.392008] ACPI: Added _OSI(Processor Aggregator Device)
[    0.400019] ACPI: Added _OSI(Linux-Dell-Video)
[    0.403233] ACPI: Added _OSI(Linux-Lenovo-NV-HDMI-Audio)
[    0.408015] ACPI: Added _OSI(Linux-HPI-Hybrid-Graphics)
[    0.412700] ACPI: Executed 1 blocks of module-level executable AML code
[    0.427493] ACPI: Interpreter enabled
[    0.432037] ACPI: (supports S0 S5)
[    0.436030] ACPI: Using IOAPIC for interrupt routing
[    0.440535] PCI: Using host bridge windows from ACPI; if necessary, use "pci=nocrs" and report a bug
[    0.444315] ACPI: Enabled 2 GPEs in block 00 to 07
[    0.461645] ACPI: PCI Root Bridge [PCI0] (domain 0000 [bus 00-ff])
[    0.464026] acpi PNP0A03:00: _OSC: OS supports [ExtendedConfig ASPM ClockPM Segments MSI]
[    0.473454] acpi PNP0A03:00: _OSC: platform does not support [PCIeCapability]
[    0.480773] acpi PNP0A03:00: _OSC: not requesting control; platform does not support [PCIeCapability]
[    0.492019] acpi PNP0A03:00: _OSC: OS requested [PCIeHotplug PME AER PCIeCapability]
[    0.500039] acpi PNP0A03:00: _OSC: platform willing to grant [PCIeHotplug PME AER]
[    0.508014] acpi PNP0A03:00: _OSC failed (AE_SUPPORT); disabling ASPM
[    0.516623] PCI host bridge to bus 0000:00
[    0.520018] pci_bus 0000:00: root bus resource [io  0x0000-0x0cf7 window]
[    0.524013] pci_bus 0000:00: root bus resource [io  0x0d00-0xffff window]
[    0.532016] pci_bus 0000:00: root bus resource [mem 0x000a0000-0x000bffff window]
[    0.540018] pci_bus 0000:00: root bus resource [mem 0x40000000-0xfdffffff window]
[    0.544020] pci_bus 0000:00: root bus resource [bus 00-ff]
[    0.556829] pci 0000:00:01.1: legacy IDE quirk: reg 0x10: [io  0x01f0-0x01f7]
[    0.560026] pci 0000:00:01.1: legacy IDE quirk: reg 0x14: [io  0x03f6]
[    0.568027] pci 0000:00:01.1: legacy IDE quirk: reg 0x18: [io  0x0170-0x0177]
[    0.576017] pci 0000:00:01.1: legacy IDE quirk: reg 0x1c: [io  0x0376]
[    0.621588] pci 0000:00:07.0: quirk: [io  0x4000-0x403f] claimed by PIIX4 ACPI
[    0.636038] pci 0000:00:07.0: quirk: [io  0x4100-0x410f] claimed by PIIX4 SMB
[    0.656404] ACPI: PCI Interrupt Link [LNKA] (IRQs 5 9 10 *11)
[    0.672193] ACPI: PCI Interrupt Link [LNKB] (IRQs 5 9 *10 11)
[    0.680213] ACPI: PCI Interrupt Link [LNKC] (IRQs 5 *9 10 11)
[    0.692198] ACPI: PCI Interrupt Link [LNKD] (IRQs 5 9 10 *11)
[    0.704341] SCSI subsystem initialized
[    0.712172] pci 0000:00:02.0: vgaarb: setting as boot VGA device
[    0.716000] pci 0000:00:02.0: vgaarb: VGA device added: decodes=io+mem,owns=io+mem,locks=none
[    0.716020] pci 0000:00:02.0: vgaarb: bridge control possible
[    0.720011] vgaarb: loaded
[    0.724113] ACPI: bus type USB registered
[    0.728089] usbcore: registered new interface driver usbfs
[    0.732034] usbcore: registered new interface driver hub
[    0.736270] usbcore: registered new device driver usb
[    0.740494] EDAC MC: Ver: 3.0.0
[    0.748249] PCI: Using ACPI for IRQ routing
[    0.756233] NetLabel: Initializing
[    0.764008] NetLabel:  domain hash size = 128
[    0.768011] NetLabel:  protocols = UNLABELED CIPSOv4 CALIPSO
[    0.776040] NetLabel:  unlabeled traffic allowed by default
[    0.788827] clocksource: Switched to clocksource kvm-clock
[    0.863209] VFS: Disk quotas dquot_6.6.0
[    0.866347] VFS: Dquot-cache hash table entries: 512 (order 0, 4096 bytes)
[    0.871586] AppArmor: AppArmor Filesystem Enabled
[    0.877960] pnp: PnP ACPI init
[    0.881376] pnp: PnP ACPI: found 3 devices
[    0.929181] clocksource: acpi_pm: mask: 0xffffff max_cycles: 0xffffff, max_idle_ns: 2085701024 ns
[    0.935994] NET: Registered protocol family 2
[    0.941232] TCP established hash table entries: 8192 (order: 4, 65536 bytes)
[    0.950651] TCP bind hash table entries: 8192 (order: 5, 131072 bytes)
[    0.955463] TCP: Hash tables configured (established 8192 bind 8192)
[    0.964255] UDP hash table entries: 512 (order: 2, 16384 bytes)
[    0.968122] UDP-Lite hash table entries: 512 (order: 2, 16384 bytes)
[    0.973157] NET: Registered protocol family 1
[    0.980416] pci 0000:00:00.0: Limiting direct PCI/PCI transfers
[    0.984346] pci 0000:00:01.0: Activating ISA DMA hang workarounds
[    0.988646] pci 0000:00:02.0: Video device with shadowed ROM at [mem 0x000c0000-0x000dffff]
[    0.995728] Unpacking initramfs...
[    1.672217] Freeing initrd memory: 19216K
[    1.681070] clocksource: tsc: mask: 0xffffffffffffffff max_cycles: 0x6a6b57759fa, max_idle_ns: 881591048275 ns
[    1.689595] platform rtc_cmos: registered platform RTC device (no PNP device found)
[    1.701730] Scanning for low memory corruption every 60 seconds
[    1.709702] Initialise system trusted keyrings
[    1.713399] Key type blacklist registered
[    1.717884] workingset: timestamp_bits=36 max_order=18 bucket_order=0
[    1.730622] zbud: loaded
[    1.737392] squashfs: version 4.0 (2009/01/31) Phillip Lougher
[    1.744326] fuse init (API version 7.26)
[    1.795590] Key type asymmetric registered
[    1.799541] Asymmetric key parser 'x509' registered
[    1.803416] Block layer SCSI generic (bsg) driver version 0.4 loaded (major 246)
[    1.811581] io scheduler noop registered
[    1.815180] io scheduler deadline registered
[    1.818969] io scheduler cfq registered (default)
[    1.823193] ACPI: AC Adapter [AC] (on-line)
[    1.828194] input: Power Button as /devices/LNXSYSTM:00/LNXPWRBN:00/input/input0
[    1.835105] ACPI: Power Button [PWRF]
[    1.838201] input: Sleep Button as /devices/LNXSYSTM:00/LNXSLPBN:00/input/input1
[    1.845398] ACPI: Sleep Button [SLPF]
[    1.850063] Serial: 8250/16550 driver, 32 ports, IRQ sharing enabled
[    1.888477] 00:02: ttyS0 at I/O 0x3f8 (irq = 4, base_baud = 115200) is a 16550A
[    1.920644] Linux agpgart interface v0.103
[    1.934022] loop: module loaded
[    1.938953] scsi host0: ata_piix
[    1.945506] scsi host1: ata_piix
[    1.949336] ata1: PATA max UDMA/33 cmd 0x1f0 ctl 0x3f6 bmdma 0xd000 irq 14
[    1.955227] ata2: PATA max UDMA/33 cmd 0x170 ctl 0x376 bmdma 0xd008 irq 15
[    1.966511] libphy: Fixed MDIO Bus: probed
[    1.971029] tun: Universal TUN/TAP device driver, 1.6
[    1.977912] PPP generic driver version 2.4.2
[    1.981421] ehci_hcd: USB 2.0 'Enhanced' Host Controller (EHCI) Driver
[    1.985380] ehci-pci: EHCI PCI platform driver
[    1.988798] ehci-platform: EHCI generic platform driver
[    1.993174] ohci_hcd: USB 1.1 'Open' Host Controller (OHCI) Driver
[    1.997318] ohci-pci: OHCI PCI platform driver
[    2.000015] ohci-platform: OHCI generic platform driver
[    2.005857] uhci_hcd: USB Universal Host Controller Interface driver
[    2.010374] i8042: PNP: PS/2 Controller [PNP0303:PS2K,PNP0f03:PS2M] at 0x60,0x64 irq 1,12
[    2.019177] serio: i8042 KBD port at 0x60,0x64 irq 1
[    2.023253] serio: i8042 AUX port at 0x60,0x64 irq 12
[    2.031795] mousedev: PS/2 mouse device common for all mice
[    2.039168] input: AT Translated Set 2 keyboard as /devices/platform/i8042/serio0/input/input2
[    2.041027] rtc_cmos rtc_cmos: rtc core: registered rtc_cmos as rtc0
[    2.054672] rtc_cmos rtc_cmos: alarms up to one day, 114 bytes nvram
[    2.060001] i2c /dev entries driver
[    2.062600] device-mapper: uevent: version 1.0.3
[    2.065968] device-mapper: ioctl: 4.37.0-ioctl (2017-09-20) initialised: dm-devel@redhat.com
[    2.072362] ledtrig-cpu: registered to indicate activity on CPUs
[    2.080892] x86/pm: family 0x15 cpu detected, MSR saving is needed during suspending.
[    2.087122] NET: Registered protocol family 10
[    2.104716] Segment Routing with IPv6
[    2.107011] NET: Registered protocol family 17
[    2.113052] Key type dns_resolver registered
[    2.117609] mce: Using 0 MCE banks
[    2.120240] RAS: Correctable Errors collector initialized.
[    2.123617] sched_clock: Marking stable (2120027420, 0)->(2991644606, -871617186)
[    2.156197] registered taskstats version 1
[    2.160926] Loading compiled-in X.509 certificates
[    2.167865] Loaded X.509 cert 'Build time autogenerated kernel key: be62403dcace2d46f96dafa9f42421c610ef3c2a'
[    2.180244] zswap: loaded using pool lzo/zbud
[    2.200599] Key type big_key registered
[    2.202888] Key type trusted registered
[    2.214340] Key type encrypted registered
[    2.217283] AppArmor: AppArmor sha1 policy hashing enabled
[    2.220772] ima: No TPM chip found, activating TPM-bypass! (rc=-19)
[    2.225232] ima: Allocated hash algorithm: sha1
[    2.229872] evm: HMAC attrs: 0x1
[    2.232362]   Magic number: 12:322:128
[    2.235021] acpi device:03: hash matches
[    2.238646] acpi PNP0C02:00: hash matches
[    2.243037] rtc_cmos rtc_cmos: setting system clock to 2020-11-26 12:06:08 UTC (1606392368)
[    2.250308] BIOS EDD facility v0.16 2004-Jun-25, 0 devices found
[    2.254069] EDD information not available.
[    2.262932] Freeing unused kernel image memory: 2436K
[    2.284175] Write protecting the kernel read-only data: 20480k
[    2.289605] Freeing unused kernel image memory: 2008K
[    2.295970] Freeing unused kernel image memory: 1872K
[    2.309155] x86/mm: Checked W+X mappings: passed, no W+X pages found.
Loading, please wait...
starting version 237
[    2.450643] e1000: Intel(R) PRO/1000 Network Driver - version 7.3.21-k8-NAPI
[    2.457217] e1000: Copyright (c) 1999-2006 Intel Corporation.
[    2.468843] Fusion MPT base driver 3.04.20
[    2.471961] Copyright (c) 1999-2008 LSI Corporation
[    2.520627] Fusion MPT SPI Host driver 3.04.20
[    2.748222] input: ImExPS/2 Generic Explorer Mouse as /devices/platform/i8042/serio1/input/input4
[    3.563644] e1000 0000:00:03.0 eth0: (PCI:33MHz:32-bit) 02:45:4d:8a:ec:99
[    3.568991] e1000 0000:00:03.0 eth0: Intel(R) PRO/1000 Network Connection
[    3.577938] mptbase: ioc0: Initiating bringup
[    3.583177] e1000 0000:00:03.0 enp0s3: renamed from eth0
[    3.690621] ioc0: LSI53C1030 A0: Capabilities={Initiator}
[    3.964293] scsi host2: ioc0: LSI53C1030 A0, FwRev=00000000h, Ports=1, MaxQ=256, IRQ=20
[    4.138129] scsi 2:0:0:0: Direct-Access     VBOX     HARDDISK         1.0  PQ: 0 ANSI: 5
[    4.177973] scsi target2:0:0: Beginning Domain Validation
[    4.204551] scsi target2:0:0: Domain Validation skipping write tests
[    4.214873] scsi target2:0:0: Ending Domain Validation
[    4.220746] scsi target2:0:0: asynchronous
[    4.228009] random: fast init done
[    4.232748] scsi 2:0:1:0: Direct-Access     VBOX     HARDDISK         1.0  PQ: 0 ANSI: 5
[    4.269008] scsi target2:0:1: Beginning Domain Validation
[    4.288854] scsi target2:0:1: Domain Validation skipping write tests
[    4.295044] scsi target2:0:1: Ending Domain Validation
[    4.299588] scsi target2:0:1: asynchronous
[    4.334076] sd 2:0:0:0: Attached scsi generic sg0 type 0
[    4.335146] sd 2:0:0:0: [sda] 20971520 512-byte logical blocks: (10.7 GB/10.0 GiB)
[    4.339342] sd 2:0:1:0: Attached scsi generic sg1 type 0
[    4.350437] sd 2:0:1:0: [sdb] 20480 512-byte logical blocks: (10.5 MB/10.0 MiB)
[    4.366498] random: systemd-udevd: uninitialized urandom read (16 bytes read)
[    4.368869] sd 2:0:1:0: [sdb] Write Protect is off
[    4.386173] random: systemd-udevd: uninitialized urandom read (16 bytes read)
[    4.386177] random: systemd-udevd: uninitialized urandom read (16 bytes read)
[    4.388186] sd 2:0:0:0: [sda] Write Protect is off
[    4.408650] sd 2:0:1:0: [sdb] Incomplete mode parameter data
[    4.420372] sd 2:0:1:0: [sdb] Assuming drive cache: write through
[    4.432120] sd 2:0:0:0: [sda] Incomplete mode parameter data
[    4.439946] sd 2:0:0:0: [sda] Assuming drive cache: write through
[    4.458693] sd 2:0:1:0: [sdb] Attached SCSI disk
[    4.473452]  sda: sda1
[    4.490630] sd 2:0:0:0: [sda] Attached SCSI disk
Begin: Loading essential drivers ... [    8.860651] raid6: sse2x1   gen()  5502 MB/s
[    8.912899] raid6: sse2x1   xor()  3610 MB/s
[    8.964700] raid6: sse2x2   gen()  5852 MB/s
[    9.012629] raid6: sse2x2   xor()  5302 MB/s
[    9.065168] raid6: sse2x4   gen()  3970 MB/s
[    9.116316] raid6: sse2x4   xor()  2905 MB/s
[    9.119545] raid6: using algorithm sse2x2 gen() 5852 MB/s
[    9.123775] raid6: .... xor() 5302 MB/s, rmw enabled
[    9.127616] raid6: using ssse3x2 recovery algorithm
[    9.135701] xor: measuring software checksum speed
[   13.704537]    prefetch64-sse: -2099561.-296 MB/sec
[   13.869444]    generic_sse: 34948.000 MB/sec
[   13.875900] xor: using function: generic_sse (34948.000 MB/sec)
[   13.886822] async_tx: api initialized (async)
done.
Begin: Running /scripts/init-premount ... done.
Begin: Mounting root file system ... Begin: Running /scripts/local-top ... done.
Begin: Running /scripts/local-premount ... [   14.007504] Btrfs loaded, crc32c=crc32c-intel
Scanning for Btrfs filesystems
done.
Warning: fsck not present, so skipping root file system
[   14.096725] EXT4-fs (sda1): mounted filesystem with ordered data mode. Opts: (null)
done.
Begin: Running /scripts/local-bottom ... done.
Begin: Running /scripts/init-bottom ... done.
[   14.756459] ip_tables: (C) 2000-2006 Netfilter Core Team
[   14.855966] systemd[1]: systemd 237 running in system mode. (+PAM +AUDIT +SELINUX +IMA +APPARMOR +SMACK +SYSVINIT +UTMP +LIBCRYPTSETUP +GCRYPT +GNUTLS +ACL +XZ +LZ4 +SECCOMP +BLKID +ELFUTILS +KMOD -IDN2 +IDN -PCRE2 default-hierarchy=hybrid)
[   14.896793] systemd[1]: Detected virtualization oracle.
[   14.923796] systemd[1]: Detected architecture x86-64.

Welcome to [1mUbuntu 18.04.5 LTS[0m!

[   15.029541] systemd[1]: Set hostname to <ubuntu>.
[   15.045488] systemd[1]: Initializing machine ID from random generator.
[   15.055860] systemd[1]: Installed transient /etc/machine-id file.
[   16.169285] random: crng init done
[   16.175265] random: 7 urandom warning(s) missed due to ratelimiting
[   16.323490] systemd[1]: Created slice User and Session Slice.
[[0;32m  OK  [0m] Created slice User and Session Slice.
[   16.341183] systemd[1]: Created slice System Slice.
[[0;32m  OK  [0m] Created slice System Slice.
[   16.354149] systemd[1]: Listening on udev Kernel Socket.
[[0;32m  OK  [0m] Listening on udev Kernel Socket.
[   16.369080] systemd[1]: Reached target Slices.
[[0;32m  OK  [0m] Reached target Slices.
[[0;32m  OK  [0m] Listening on udev Control Socket.
[[0;32m  OK  [0m] Listening on Journal Audit Socket.
[[0;32m  OK  [0m] Listening on LVM2 poll daemon socket.
[[0;32m  OK  [0m] Reached target System Time Synchronized.
[[0;32m  OK  [0m] Created slice system-serial\x2dgetty.slice.
[[0;32m  OK  [0m] Listening on /dev/initctl Compatibility Named Pipe.
[[0;32m  OK  [0m] Reached target User and Group Name Lookups.
[[0;32m  OK  [0m] Listening on Syslog Socket.
[[0;32m  OK  [0m] Set up automount Arbitrary Executab…rmats File System Automount Point.
[[0;32m  OK  [0m] Listening on Journal Socket.
         Starting Create list of required st…ce nodes for the current kernel...
         Mounting Huge Pages File System...
         Starting udev Coldplug all Devices...
         Starting Remount Root and Kernel File Systems...
         Mounting POSIX Message Queue File System...
[[0;32m  OK  [0m] Listening on Journal Socket (/dev/log).
         Starting Journal Service...
         Starting Set the console keyboard layout...
[[0;32m  OK  [0m] [   16.725341] EXT4-fs (sda1): re-mounted. Opts: (null)
Listening on Network Service Netlink Socket.
[[0;32m  OK  [0m] Reached target Swap.
[[0;32m  OK  [0m] Started Forward Password Requests to Wall Directory Watch.
         Mounting Kernel Debug File System...
         Starting Load Kernel Modules...
[[0;32m  OK  [0m] Listening on LVM2 metadata daemon socket.
[[0;32m  OK  [0m] Listening on Device-mapper event daemon FIFOs.
         Starting Monitoring of LVM2 mirrors…ng dmeventd or progress polling...
         Starting Uncomplicated firewall...
[[0;32m  OK  [0m] Started Create list of required sta…vice nodes for the current kernel.
[[0;32m  OK  [0m] Mounted Huge Pages File System.
[[0;32m  OK  [0m] Started Remount Root and Kernel File Systems.
[[0;32m  OK  [0m] Mounted POSIX Message Queue File System.
[[0;32m  OK  [0m] Mounted Kernel Debug File System.
[   16.981441] Loading iSCSI transport class v2.0-870.
         Starting Load/Save Random Seed...
         Starting Create Static Device Nodes in /dev...
[[0;32m  OK  [0m] Started Uncomplicated firewall.
[[0;32m  OK  [0m] Started Journal Service.
         Starting Flush Journal to Persistent Storage...
[[0;32m  OK  [0m] Started udev Coldplug all Devices.
[   17.150694] iscsi: registered transport (tcp)
[[0;32m  OK  [0m] Started Create Static Device Nodes in /dev.
         Starting udev Kernel Device Manager...
[   17.327023] systemd-journald[386]: Received request to flush runtime journal from PID 1
[[0;32m  OK  [0m] Started Load/Save Random Seed.
[[0;32m  OK  [0m] Started Set the console keyboard layout.
[[0;32m  OK  [0m] Started LVM2 metadata daemon.
[[0;32m  OK  [0m] Started Flush Journal to Persistent Storage.
[[0;32m  OK  [0m] Started Monitoring of LVM2 mirrors,…sing dmeventd or progress polling.
[[0;32m  OK  [0m] Started udev Kernel Device Manager.
[[0;32m  OK  [0m] Started Dispatch Password Requests to Console Directory Watch.
[[0;32m  OK  [0m] Reached target Local Encrypted Volumes.
[[0;32m  OK  [0m[   17.625614] iscsi: registered transport (iser)
] Reached target Local File Systems (Pre).
[[0;32m  OK  [0m] Reached target Local File Systems.
         Starting Set console font and keymap...
         Starting Create Volatile Files and Directories...
         Starting AppArmor initialization...
         Starting Tell Plymouth To Write Out Runtime Data...
         Starting ebtables ruleset management...
         Starting Commit a transient machine-id on disk...
[[0;32m  OK  [0m] Started Load Kernel Modules.
[[0;32m  OK  [0m] Started Set console font and keymap.
[[0;32m  OK  [0m] Started Create Volatile Files and Directories.
         Starting Update UTMP about System Boot/Shutdown...
         Mounting FUSE Control File System...
         Starting Apply Kernel Variables...
         Mounting Kernel Configuration File System...
[[0;32m  OK  [0m] Started Tell Plymouth To Write Out Runtime Data.
[[0;32m  OK  [0m] Mounted FUSE Control File System.
[[0;32m  OK  [0m] Mounted Kernel Configuration File System.
[[0;32m  OK  [0m] Started Update UTMP about System Boot/Shutdown.
[[0;32m  OK  [0m] Started Commit a transient machine-id on disk.
[[0;32m  OK  [0m] Started Apply Kernel Variables.
[[0;32m  OK  [0m] Started ebtables ruleset management.
[[0;32m  OK  [0m] Found device /dev/ttyS0.
[[0;32m  OK  [0m] Listening on Load/Save RF Kill Switch Status /dev/rfkill Watch.
[[0;32m  OK  [0m] Started AppArmor initialization.
         Starting Initial cloud-init job (pre-networking)...
         Starting Load AppArmor profiles managed internally by snapd...
[[0;32m  OK  [0m] Started Load AppArmor profiles managed internally by snapd.
[   24.411369] cloud-init[537]: Cloud-init v. 20.3-2-g371b392c-0ubuntu1~18.04.1 running 'init-local' at Thu, 26 Nov 2020 12:06:29 +0000. Up 22.95 seconds.
[[0;32m  OK  [0m] Started Initial cloud-init job (pre-networking).
[[0;32m  OK  [0m] Reached target Network (Pre).
         Starting Network Service...
[[0;32m  OK  [0m] Started Network Service.
         Starting Wait for Network to be Configured...
         Starting Network Name Resolution...
[[0;32m  OK  [0m] Started Network Name Resolution.
[[0;32m  OK  [0m] Reached target Network.
[[0;32m  OK  [0m] Reached target Host and Network Name Lookups.
[[0;32m  OK  [0m] Started Wait for Network to be Configured.
         Starting Initial cloud-init job (metadata service crawler)...
[   27.984328] cloud-init[678]: Cloud-init v. 20.3-2-g371b392c-0ubuntu1~18.04.1 running 'init' at Thu, 26 Nov 2020 12:06:33 +0000. Up 27.59 seconds.
[   27.997727] cloud-init[678]: ci-info: ++++++++++++++++++++++++++++++++++++++Net device info++++++++++++++++++++++++++++++++++++++
[   28.010777] cloud-init[678]: ci-info: +--------+------+----------------------------+---------------+--------+-------------------+
[   28.017170] cloud-init[678]: ci-info: | Device |  Up  |          Address           |      Mask     | Scope  |     Hw-Address    |
[   28.027426] cloud-init[678]: ci-info: +--------+------+----------------------------+---------------+--------+-------------------+
[   28.034511] cloud-init[678]: ci-info: | enp0s3 | True |         10.0.2.15          | 255.255.255.0 | global | 02:45:4d:8a:ec:99 |
[   28.043852] cloud-init[678]: ci-info: | enp0s3 | True | fe80::45:4dff:fe8a:ec99/64 |       .       |  link  | 02:45:4d:8a:ec:99 |
[   28.051276] cloud-init[678]: ci-info: |   lo   | True |         127.0.0.1          |   255.0.0.0   |  host  |         .         |
[   28.062036] cloud-init[678]: ci-info: |   lo   | True |          ::1/128           |       .       |  host  |         .         |
[   28.074694] cloud-init[678]: ci-info: +--------+------+----------------------------+---------------+--------+-------------------+
[   28.081872] cloud-init[678]: ci-info: ++++++++++++++++++++++++++++Route IPv4 info+++++++++++++++++++++++++++++
[   28.089251] cloud-init[678]: ci-info: +-------+-------------+----------+-----------------+-----------+-------+
[   28.095889] cloud-init[678]: ci-info: | Route | Destination | Gateway  |     Genmask     | Interface | Flags |
[   28.099658] cloud-init[678]: ci-info: +-------+-------------+----------+-----------------+-----------+-------+
[   28.102979] cloud-init[678]: ci-info: |   0   |   0.0.0.0   | 10.0.2.2 |     0.0.0.0     |   enp0s3  |   UG  |
[   28.107781] cloud-init[678]: ci-info: |   1   |   10.0.2.0  | 0.0.0.0  |  255.255.255.0  |   enp0s3  |   U   |
[   28.112229] cloud-init[678]: ci-info: |   2   |   10.0.2.2  | 0.0.0.0  | 255.255.255.255 |   enp0s3  |   UH  |
[   28.118269] cloud-init[678]: ci-info: +-------+-------------+----------+-----------------+-----------+-------+
[   28.126294] cloud-init[678]: ci-info: +++++++++++++++++++Route IPv6 info+++++++++++++++++++
[   28.129768] cloud-init[678]: ci-info: +-------+-------------+---------+-----------+-------+
[   28.138502] cloud-init[678]: ci-info: | Route | Destination | Gateway | Interface | Flags |
[   28.142569] cloud-init[678]: ci-info: +-------+-------------+---------+-----------+-------+
[   28.145950] cloud-init[678]: ci-info: |   1   |  fe80::/64  |    ::   |   enp0s3  |   U   |
[   28.149131] cloud-init[678]: ci-info: |   3   |    local    |    ::   |   enp0s3  |   U   |
[   28.152014] cloud-init[678]: ci-info: |   4   |   ff00::/8  |    ::   |   enp0s3  |   U   |
[   28.160171] cloud-init[678]: ci-info: +-------+-------------+---------+-----------+-------+
[   29.551085] cloud-init[678]: Generating public/private rsa key pair.
[   29.562484] cloud-init[678]: Your identification has been saved in /etc/ssh/ssh_host_rsa_key.
[   29.567772] cloud-init[678]: Your public key has been saved in /etc/ssh/ssh_host_rsa_key.pub.
[   29.579381] cloud-init[678]: The key fingerprint is:
[   29.582826] cloud-init[678]: SHA256:bEf7mAnSAPFyFX2NvjUxSjiCxt2DmxAbIsN7lC9n8X8 root@ubuntu-bionic
[   29.590487] cloud-init[678]: The key's randomart image is:
[   29.596947] cloud-init[678]: +---[RSA 2048]----+
[   29.600017] cloud-init[678]: | .o ++o+o= . o   |
[   29.603302] cloud-init[678]: |  .oo+*++ * + +  |
[   29.614450] cloud-init[678]: |   o.o=+ +.* . o |
[   29.619587] cloud-init[678]: |  . oo+++. .o o  |
[   29.625381] cloud-init[678]: |   . +. S.o  o . |
[   29.628876] cloud-init[678]: |       o o.=E    |
[   29.631018] cloud-init[678]: |          +..    |
[   29.633492] cloud-init[678]: |                 |
[   29.635573] cloud-init[678]: |                 |
[   29.639046] cloud-init[678]: +----[SHA256]-----+
[   29.644587] cloud-init[678]: Generating public/private dsa key pair.
[   29.648289] cloud-init[678]: Your identification has been saved in /etc/ssh/ssh_host_dsa_key.
[   29.654300] cloud-init[678]: Your public key has been saved in /etc/ssh/ssh_host_dsa_key.pub.
[   29.663731] cloud-init[678]: The key fingerprint is:
[   29.667932] cloud-init[678]: SHA256:jSOErTkEXxAF3RYYHOWQutOOgUtXeGhjyQnCpzfenTI root@ubuntu-bionic
[   29.673184] cloud-init[678]: The key's randomart image is:
[   29.675593] cloud-init[678]: +---[DSA 1024]----+
[   29.678831] cloud-init[678]: |. . +B*Bo.       |
[   29.681399] cloud-init[678]: |...+ +=oo        |
[   29.683366] cloud-init[678]: | .oo+*o..        |
[   29.685683] cloud-init[678]: | . +@+o  o       |
[   29.689576] cloud-init[678]: |  o+**o S .      |
[   29.691933] cloud-init[678]: |  o.=E.+ .       |
[   29.693952] cloud-init[678]: | . o =o          |
[   29.695931] cloud-init[678]: |  . . .          |
[   29.698915] cloud-init[678]: |                 |
[   29.703409] cloud-init[678]: +----[SHA256]-----+
[   29.708801] cloud-init[678]: Generating public/private ecdsa key pair.
[   29.712950] cloud-init[678]: Your identification has been saved in /etc/ssh/ssh_host_ecdsa_key.
[   29.717087] cloud-init[678]: Your public key has been saved in /etc/ssh/ssh_host_ecdsa_key.pub.
[   29.720153] cloud-init[678]: The key fingerprint is:
[   29.723385] cloud-init[678]: SHA256:Sx8fddS2TL6aAtKVYl6FrIujlRaNjVpVZ/zpUjLSfNw root@ubuntu-bionic
[   29.727317] cloud-init[678]: The key's randomart image is:
[   29.730087] cloud-init[678]: +---[ECDSA 256]---+
[   29.731979] cloud-init[678]: |          o.oo  o|
[   29.734027] cloud-init[678]: |         . ooo oo|
[   29.736747] cloud-init[678]: |        * . = B.=|
[   29.748623] cloud-init[678]: |       = * = * @E|
[   29.752009] cloud-init[678]: |      o S * o * .|
[   29.754150] cloud-init[678]: |     . O B o o o |
[   29.768426] cloud-init[678]: |      + + o . +  |
[   29.832984] cloud-init[678]: |     .     . o   |
[   29.836658] cloud-init[678]: |            .    |
[   29.839826] cloud-init[678]: +----[SHA256]-----+
[   29.843007] cloud-init[678]: Generating public/private ed25519 key pair.
[   29.846609] cloud-init[678]: Your identification has been saved in /etc/ssh/ssh_host_ed25519_key.
[   29.850209] cloud-init[678]: Your public key has been saved in /etc/ssh/ssh_host_ed25519_key.pub.
[   29.863386] cloud-init[678]: The key fingerprint is:
[   29.867102] cloud-init[678]: SHA256:46uWxGiVcAVSKt4XEt244W7/V0dfHRjLrfLtxNeys/I root@ubuntu-bionic
[   29.874587] cloud-init[678]: The key's randomart image is:
[   29.877945] cloud-init[678]: +--[ED25519 256]--+
[   29.884648] cloud-init[678]: |    ooo=.    .o  |
[   29.896935] cloud-init[678]: |    .+= .   ..o. |
[   29.898809] cloud-init[678]: |  . o+.+     o .o|
[   29.904181] cloud-init[678]: | . o .=.      . +|
[   29.909578] cloud-init[678]: |  . .=. S  . . .o|
[   29.911855] cloud-init[678]: |    o.=. .  o + +|
[   29.914255] cloud-init[678]: |   . o o.    o.=o|
[   29.918615] cloud-init[678]: |      o ..  o +o.|
[   29.922426] cloud-init[678]: |     ....... oE+ |
[   29.924954] cloud-init[678]: +----[SHA256]-----+
[[0;32m  OK  [0m] Started Initial cloud-init job (metadata service crawler).
[[0;32m  OK  [0m] Reached target System Initialization.
[[0;32m  OK  [0m] Started ACPI Events Check.
[[0;32m  OK  [0m] Listening on D-Bus System Message Bus Socket.
[[0;32m  OK  [0m] Listening on UUID daemon activation socket.
[[0;32m  OK  [0m] Started Discard unused blocks once a week.
         Starting Socket activation for snappy daemon.
[[0;32m  OK  [0m] Started Daily apt download activities.
[[0;32m  OK  [0m] Started Daily apt upgrade and clean activities.
[[0;32m  OK  [0m] Started Daily Cleanup of Temporary Directories.
         Starting LXD - unix socket.
[[0;32m  OK  [0m] Started Message of the Day.
[[0;32m  OK  [0m] Listening on Open-iSCSI iscsid Socket.
[[0;32m  OK  [0m] Listening on ACPID Listen Socket.
[[0;32m  OK  [0m] Reached target Timers.
[[0;32m  OK  [0m] Reached target Paths.
[[0;32m  OK  [0m] Reached target Cloud-config availability.
[[0;32m  OK  [0m] Reached target Network is Online.
[[0;32m  OK  [0m] Reached target Remote File Systems (Pre).
[[0;32m  OK  [0m] Reached target Remote File Systems.
         Starting Availability of block devices...
[[0;32m  OK  [0m] Listening on Socket activation for snappy daemon.
[[0;32m  OK  [0m] Listening on LXD - unix socket.
[[0;32m  OK  [0m] Started Availability of block devices.
[[0;32m  OK  [0m] Reached target Sockets.
[[0;32m  OK  [0m] Reached target Basic System.
         Starting Pollinate to seed the pseudo random number generator...
         Starting LSB: Record successful boot for GRUB...
         Starting Accounts Service...
[[0;32m  OK  [0m] Started Regular background program processing daemon.
[[0;32m  OK  [0m] Started Deferred execution scheduler.
[[0;32m  OK  [0m] Started FUSE filesystem for LXC.
         Starting Login Service...
         Starting Dispatcher daemon for systemd-networkd...
         Starting Virtualbox guest utils...
         Starting Permit User Sessions...
[[0;32m  OK  [0m] Started irqbalance daemon.
[[0;32m  OK  [0m] Started D-Bus System Message Bus.
[[0;32m  OK  [0m] Started Login Service.
[[0;32m  OK  [0m] Started Unattended Upgrades Shutdown.
         Starting LSB: automatic crash report generation...
         Starting System Logging Service...
         Starting LXD - container startup/shutdown...
         Starting Snap Daemon...
[[0;32m  OK  [0m] Started Permit User Sessions.
         Starting Authorization Manager...
         Starting Terminate Plymouth Boot Screen...
         Starting Hold until boot process finishes up...
[[0;32m  OK  [0m] Started Hold until boot process finishes up.
         Starting Set console scheme...
[[0;32m  OK  [0m] Started Serial Getty on ttyS0.
[[0;32m  OK  [0m] Started Terminate Plymouth Boot Screen.
[[0;32m  OK  [0m] Started System Logging Service.
[[0;32m  OK  [0m] Started Set console scheme.
[[0;32m  OK  [0m] Created slice system-getty.slice.
[[0;32m  OK  [0m] Started Getty on tty1.
[[0;32m  OK  [0m] Reached target Login Prompts.
[[0;32m  OK  [0m] Started Authorization Manager.
[[0;32m  OK  [0m] Started Accounts Service.
[[0;32m  OK  [0m] Started LSB: Record successful boot for GRUB.
[[0;32m  OK  [0m] Started LSB: automatic crash report generation.
[[0;32m  OK  [0m] Started Virtualbox guest utils.
[[0;32m  OK  [0m] Started Dispatcher daemon for systemd-networkd.
[[0;32m  OK  [0m] Started LXD - container startup/shutdown.
[[0;32m  OK  [0m] Started Snap Daemon.
[[0;32m  OK  [0m] Started Pollinate to seed the pseudo random number generator.
         Starting OpenBSD Secure Shell server...
         Starting Wait until snapd is fully seeded...
[[0;32m  OK  [0m] Started OpenBSD Secure Shell server.
[[0;32m  OK  [0m] Created slice User Slice of vagrant.
         Starting User Manager for UID 1000...
[[0;32m  OK  [0m] Started Session 1 of user vagrant.
[[0;32m  OK  [0m] Started User Manager for UID 1000.
[[0;32m  OK  [0m] Started Wait until snapd is fully seeded.
[[0;32m  OK  [0m] Reached target Multi-User System.
[[0;32m  OK  [0m] Reached target Graphical Interface.
         Starting Update UTMP about System Runlevel Changes...
         Starting Apply the settings specified in cloud-config...
[[0;32m  OK  [0m] Started Update UTMP about System Runlevel Changes.

Ubuntu 18.04.5 LTS ubuntu-bionic ttyS0

ubuntu-bionic login: [   40.760600] cloud-init[1122]: Cloud-init v. 20.3-2-g371b392c-0ubuntu1~18.04.1 running 'modules:config' at Thu, 26 Nov 2020 12:06:44 +0000. Up 38.20 seconds.
ci-info: no authorized SSH keys fingerprints found for user ubuntu.
<14>Nov 26 12:06:49 ec2: 
<14>Nov 26 12:06:49 ec2: #############################################################
<14>Nov 26 12:06:49 ec2: -----BEGIN SSH HOST KEY FINGERPRINTS-----
<14>Nov 26 12:06:49 ec2: 1024 SHA256:jSOErTkEXxAF3RYYHOWQutOOgUtXeGhjyQnCpzfenTI root@ubuntu-bionic (DSA)
<14>Nov 26 12:06:49 ec2: 256 SHA256:Sx8fddS2TL6aAtKVYl6FrIujlRaNjVpVZ/zpUjLSfNw root@ubuntu-bionic (ECDSA)
<14>Nov 26 12:06:49 ec2: 256 SHA256:46uWxGiVcAVSKt4XEt244W7/V0dfHRjLrfLtxNeys/I root@ubuntu-bionic (ED25519)
<14>Nov 26 12:06:49 ec2: 2048 SHA256:bEf7mAnSAPFyFX2NvjUxSjiCxt2DmxAbIsN7lC9n8X8 root@ubuntu-bionic (RSA)
<14>Nov 26 12:06:49 ec2: -----END SSH HOST KEY FINGERPRINTS-----
<14>Nov 26 12:06:49 ec2: #############################################################
-----BEGIN SSH HOST KEY KEYS-----
ecdsa-sha2-nistp256 AAAAE2VjZHNhLXNoYTItbmlzdHAyNTYAAAAIbmlzdHAyNTYAAABBBKrejhR/IoSx99qCi99PK+e0A5ip6MizdpVOXNB9DnaDgIKoYLlZH0JdLvd1h630uY48LjTJuFspqM75tvlOt9k= root@ubuntu-bionic
ssh-ed25519 AAAAC3NzaC1lZDI1NTE5AAAAIKzvENVx1yQ8cajpIpsFzCuP4l0MlLcjao5GaLiehxZl root@ubuntu-bionic
ssh-rsa AAAAB3NzaC1yc2EAAAADAQABAAABAQDdV0cnerRlB7XmbdnnJU48qyCdPpxklzkaBkJ4i8dYT7ycbhNkrSzuPAGtkDqFGx1Gl20uqeWDsQ+GXFUihAH0HKr/6Qjfqw02rdrm5S8CC9FeHcNoiIHWJe5GIiXROMozK5f/D2VSZcSd/V/03RDP9Aa0EQIv1Ajg8D+Mxz6EAK79Wk1TPUjGbv7gmChTarYn2ZeL6DwcapKcsW0GobrLGe81YQf8gWEmlf3kp/nJ1xJPiusrfrtuVCRlBiRNltfnxGcAGAsBL39Fexy82O/A//+ePiHJ3maFf0N6afQ3YUa4pexmebSJ2nSALF7c9K/VT0g4L/ou+lgRgIGGogtZ root@ubuntu-bionic
-----END SSH HOST KEY KEYS-----
[   43.354752] cloud-init[1242]: Cloud-init v. 20.3-2-g371b392c-0ubuntu1~18.04.1 running 'modules:final' at Thu, 26 Nov 2020 12:06:49 +0000. Up 42.75 seconds.
[   43.378356] cloud-init[1242]: ci-info: no authorized SSH keys fingerprints found for user ubuntu.
[   43.390845] cloud-init[1242]: Cloud-init v. 20.3-2-g371b392c-0ubuntu1~18.04.1 finished at Thu, 26 Nov 2020 12:06:49 +0000. Datasource DataSourceNoCloud [seed=/dev/sdb][dsmode=net].  Up 43.33 seconds
